This file contains any messages produced by compilers while
running configure, to aid debugging if configure makes a mistake.

It was created by configure, which was
generated by GNU Autoconf 2.67.  Invocation command line was

  $ ./configure --prefix=/usr/local --enable-shared

## --------- ##
## Platform. ##
## --------- ##

hostname = jem
uname -m = x86_64
uname -r = 3.2.0-4-amd64
uname -s = Linux
uname -v = #1 SMP Debian 3.2.32-1

/usr/bin/uname -p = unknown
/bin/uname -X     = unknown

/bin/arch              = unknown
/usr/bin/arch -k       = unknown
/usr/convex/getsysinfo = unknown
/usr/bin/hostinfo      = unknown
/bin/machine           = unknown
/usr/bin/oslevel       = unknown
/bin/universe          = unknown

PATH: /sbin
PATH: /opt/ros/fuerte/share/ros/bin
PATH: /opt/ros/fuerte/bin
PATH: /sbin
PATH: /usr/local/bin
PATH: /usr/bin
PATH: /bin
PATH: /usr/local/games
PATH: /usr/games


## ----------- ##
## Core tests. ##
## ----------- ##

configure:2482: checking for a BSD-compatible install
configure:2550: result: /usr/bin/install -c
configure:2561: checking whether build environment is sane
configure:2611: result: yes
configure:2752: checking for a thread-safe mkdir -p
configure:2791: result: /bin/mkdir -p
configure:2804: checking for gawk
configure:2820: found /usr/bin/gawk
configure:2831: result: gawk
configure:2842: checking whether make sets $(MAKE)
configure:2864: result: yes
configure:2992: checking for gcc
configure:3008: found /usr/bin/gcc
configure:3019: result: gcc
configure:3248: checking for C compiler version
configure:3257: gcc --version >&5
gcc (Debian 4.7.2-4) 4.7.2
Copyright (C) 2012 Free Software Foundation, Inc.
This is free software; see the source for copying conditions.  There is NO
warranty; not even for MERCHANTABILITY or FITNESS FOR A PARTICULAR PURPOSE.

configure:3268: $? = 0
configure:3257: gcc -v >&5
Using built-in specs.
COLLECT_GCC=gcc
COLLECT_LTO_WRAPPER=/usr/lib/gcc/x86_64-linux-gnu/4.7/lto-wrapper
Target: x86_64-linux-gnu
Configured with: ../src/configure -v --with-pkgversion='Debian 4.7.2-4' --with-bugurl=file:///usr/share/doc/gcc-4.7/README.Bugs --enable-languages=c,c++,go,fortran,objc,obj-c++ --prefix=/usr --program-suffix=-4.7 --enable-shared --enable-linker-build-id --with-system-zlib --libexecdir=/usr/lib --without-included-gettext --enable-threads=posix --with-gxx-include-dir=/usr/include/c++/4.7 --libdir=/usr/lib --enable-nls --with-sysroot=/ --enable-clocale=gnu --enable-libstdcxx-debug --enable-libstdcxx-time=yes --enable-gnu-unique-object --enable-plugin --enable-objc-gc --with-arch-32=i586 --with-tune=generic --enable-checking=release --build=x86_64-linux-gnu --host=x86_64-linux-gnu --target=x86_64-linux-gnu
Thread model: posix
gcc version 4.7.2 (Debian 4.7.2-4) 
configure:3268: $? = 0
configure:3257: gcc -V >&5
gcc: error: unrecognized command line option '-V'
gcc: fatal error: no input files
compilation terminated.
configure:3268: $? = 4
configure:3257: gcc -qversion >&5
gcc: error: unrecognized command line option '-qversion'
gcc: fatal error: no input files
compilation terminated.
configure:3268: $? = 4
configure:3288: checking whether the C compiler works
configure:3310: gcc    conftest.c  >&5
configure:3314: $? = 0
configure:3362: result: yes
configure:3365: checking for C compiler default output file name
configure:3367: result: a.out
configure:3373: checking for suffix of executables
configure:3380: gcc -o conftest    conftest.c  >&5
configure:3384: $? = 0
configure:3406: result: 
configure:3428: checking whether we are cross compiling
configure:3436: gcc -o conftest    conftest.c  >&5
configure:3440: $? = 0
configure:3447: ./conftest
configure:3451: $? = 0
configure:3466: result: no
configure:3471: checking for suffix of object files
configure:3493: gcc -c   conftest.c >&5
configure:3497: $? = 0
configure:3518: result: o
configure:3522: checking whether we are using the GNU C compiler
configure:3541: gcc -c   conftest.c >&5
configure:3541: $? = 0
configure:3550: result: yes
configure:3559: checking whether gcc accepts -g
configure:3579: gcc -c -g  conftest.c >&5
configure:3579: $? = 0
configure:3620: result: yes
configure:3637: checking for gcc option to accept ISO C89
configure:3701: gcc  -c -g -O2  conftest.c >&5
configure:3701: $? = 0
configure:3714: result: none needed
configure:3745: checking for style of include used by make
configure:3773: result: GNU
configure:3798: checking dependency style of gcc
configure:3908: result: gcc3
configure:3983: checking for g++
configure:3999: found /usr/bin/g++
configure:4010: result: g++
configure:4037: checking for C++ compiler version
configure:4046: g++ --version >&5
g++ (Debian 4.7.2-4) 4.7.2
Copyright (C) 2012 Free Software Foundation, Inc.
This is free software; see the source for copying conditions.  There is NO
warranty; not even for MERCHANTABILITY or FITNESS FOR A PARTICULAR PURPOSE.

configure:4057: $? = 0
configure:4046: g++ -v >&5
Using built-in specs.
COLLECT_GCC=g++
COLLECT_LTO_WRAPPER=/usr/lib/gcc/x86_64-linux-gnu/4.7/lto-wrapper
Target: x86_64-linux-gnu
Configured with: ../src/configure -v --with-pkgversion='Debian 4.7.2-4' --with-bugurl=file:///usr/share/doc/gcc-4.7/README.Bugs --enable-languages=c,c++,go,fortran,objc,obj-c++ --prefix=/usr --program-suffix=-4.7 --enable-shared --enable-linker-build-id --with-system-zlib --libexecdir=/usr/lib --without-included-gettext --enable-threads=posix --with-gxx-include-dir=/usr/include/c++/4.7 --libdir=/usr/lib --enable-nls --with-sysroot=/ --enable-clocale=gnu --enable-libstdcxx-debug --enable-libstdcxx-time=yes --enable-gnu-unique-object --enable-plugin --enable-objc-gc --with-arch-32=i586 --with-tune=generic --enable-checking=release --build=x86_64-linux-gnu --host=x86_64-linux-gnu --target=x86_64-linux-gnu
Thread model: posix
gcc version 4.7.2 (Debian 4.7.2-4) 
configure:4057: $? = 0
configure:4046: g++ -V >&5
g++: error: unrecognized command line option '-V'
g++: fatal error: no input files
compilation terminated.
configure:4057: $? = 4
configure:4046: g++ -qversion >&5
g++: error: unrecognized command line option '-qversion'
g++: fatal error: no input files
compilation terminated.
configure:4057: $? = 4
configure:4061: checking whether we are using the GNU C++ compiler
configure:4080: g++ -c   conftest.cpp >&5
configure:4080: $? = 0
configure:4089: result: yes
configure:4098: checking whether g++ accepts -g
configure:4118: g++ -c -g  conftest.cpp >&5
configure:4118: $? = 0
configure:4159: result: yes
configure:4184: checking dependency style of g++
configure:4294: result: gcc3
configure:4353: checking for ranlib
configure:4369: found /usr/bin/ranlib
configure:4380: result: ranlib
configure:4462: checking build system type
configure:4476: result: x86_64-unknown-linux-gnu
configure:4496: checking host system type
configure:4509: result: x86_64-unknown-linux-gnu
configure:4529: checking for a sed that does not truncate output
configure:4593: result: /bin/sed
configure:4611: checking for grep that handles long lines and -e
configure:4669: result: /bin/grep
configure:4674: checking for egrep
configure:4736: result: /bin/grep -E
configure:4741: checking for fgrep
configure:4803: result: /bin/grep -F
configure:4838: checking for ld used by gcc
configure:4905: result: /usr/bin/ld
configure:4912: checking if the linker (/usr/bin/ld) is GNU ld
configure:4927: result: yes
configure:4939: checking for BSD- or MS-compatible name lister (nm)
configure:4988: result: /usr/bin/nm -B
configure:5106: checking the name lister (/usr/bin/nm -B) interface
configure:5113: gcc -c -g -O2  conftest.c >&5
configure:5116: /usr/bin/nm -B "conftest.o"
configure:5119: output
0000000000000000 B some_variable
configure:5126: result: BSD nm
configure:5129: checking whether ln -s works
configure:5133: result: yes
configure:5141: checking the maximum length of command line arguments
configure:5261: result: 1572864
configure:5278: checking whether the shell understands some XSI constructs
configure:5288: result: yes
configure:5292: checking whether the shell understands "+="
configure:5298: result: yes
configure:5333: checking for /usr/bin/ld option to reload object files
configure:5340: result: -r
configure:5409: checking for objdump
configure:5425: found /usr/bin/objdump
configure:5436: result: objdump
configure:5468: checking how to recognize dependent libraries
configure:5664: result: pass_all
configure:5724: checking for ar
configure:5740: found /usr/bin/ar
configure:5751: result: ar
configure:5829: checking for strip
configure:5845: found /usr/bin/strip
configure:5856: result: strip
configure:5928: checking for ranlib
configure:5955: result: ranlib
configure:6045: checking command to parse /usr/bin/nm -B output from gcc object
configure:6163: gcc -c -g -O2  conftest.c >&5
configure:6166: $? = 0
configure:6170: /usr/bin/nm -B conftest.o \| sed -n -e 's/^.*[	 ]\([ABCDGIRSTW][ABCDGIRSTW]*\)[	 ][	 ]*\([_A-Za-z][_A-Za-z0-9]*\)$/\1 \2 \2/p' \> conftest.nm
configure:6173: $? = 0
configure:6227: gcc -o conftest -g -O2   conftest.c conftstm.o >&5
configure:6230: $? = 0
configure:6268: result: ok
configure:6364: gcc -c -g -O2  conftest.c >&5
configure:6367: $? = 0
configure:7077: checking how to run the C preprocessor
configure:7108: gcc -E  conftest.c
configure:7108: $? = 0
configure:7122: gcc -E  conftest.c
conftest.c:11:28: fatal error: ac_nonexistent.h: No such file or directory
compilation terminated.
configure:7122: $? = 1
configure: failed program was:
| /* confdefs.h */
| #define PACKAGE_NAME ""
| #define PACKAGE_TARNAME ""
| #define PACKAGE_VERSION ""
| #define PACKAGE_STRING ""
| #define PACKAGE_BUGREPORT ""
| #define PACKAGE_URL ""
| #define PACKAGE "filib"
| #define VERSION "3.0.2"
| /* end confdefs.h.  */
| #include <ac_nonexistent.h>
configure:7147: result: gcc -E
configure:7167: gcc -E  conftest.c
configure:7167: $? = 0
configure:7181: gcc -E  conftest.c
conftest.c:11:28: fatal error: ac_nonexistent.h: No such file or directory
compilation terminated.
configure:7181: $? = 1
configure: failed program was:
| /* confdefs.h */
| #define PACKAGE_NAME ""
| #define PACKAGE_TARNAME ""
| #define PACKAGE_VERSION ""
| #define PACKAGE_STRING ""
| #define PACKAGE_BUGREPORT ""
| #define PACKAGE_URL ""
| #define PACKAGE "filib"
| #define VERSION "3.0.2"
| /* end confdefs.h.  */
| #include <ac_nonexistent.h>
configure:7210: checking for ANSI C header files
configure:7230: gcc -c -g -O2  conftest.c >&5
configure:7230: $? = 0
configure:7303: gcc -o conftest -g -O2   conftest.c  >&5
configure:7303: $? = 0
configure:7303: ./conftest
configure:7303: $? = 0
configure:7314: result: yes
configure:7327: checking for sys/types.h
configure:7327: gcc -c -g -O2  conftest.c >&5
configure:7327: $? = 0
configure:7327: result: yes
configure:7327: checking for sys/stat.h
configure:7327: gcc -c -g -O2  conftest.c >&5
configure:7327: $? = 0
configure:7327: result: yes
configure:7327: checking for stdlib.h
configure:7327: gcc -c -g -O2  conftest.c >&5
configure:7327: $? = 0
configure:7327: result: yes
configure:7327: checking for string.h
configure:7327: gcc -c -g -O2  conftest.c >&5
configure:7327: $? = 0
configure:7327: result: yes
configure:7327: checking for memory.h
configure:7327: gcc -c -g -O2  conftest.c >&5
configure:7327: $? = 0
configure:7327: result: yes
configure:7327: checking for strings.h
configure:7327: gcc -c -g -O2  conftest.c >&5
configure:7327: $? = 0
configure:7327: result: yes
configure:7327: checking for inttypes.h
configure:7327: gcc -c -g -O2  conftest.c >&5
configure:7327: $? = 0
configure:7327: result: yes
configure:7327: checking for stdint.h
configure:7327: gcc -c -g -O2  conftest.c >&5
configure:7327: $? = 0
configure:7327: result: yes
configure:7327: checking for unistd.h
configure:7327: gcc -c -g -O2  conftest.c >&5
configure:7327: $? = 0
configure:7327: result: yes
configure:7341: checking for dlfcn.h
configure:7341: gcc -c -g -O2  conftest.c >&5
configure:7341: $? = 0
configure:7341: result: yes
configure:7466: checking for C++ compiler version
configure:7475: g++ --version >&5
g++ (Debian 4.7.2-4) 4.7.2
Copyright (C) 2012 Free Software Foundation, Inc.
This is free software; see the source for copying conditions.  There is NO
warranty; not even for MERCHANTABILITY or FITNESS FOR A PARTICULAR PURPOSE.

configure:7486: $? = 0
configure:7475: g++ -v >&5
Using built-in specs.
COLLECT_GCC=g++
COLLECT_LTO_WRAPPER=/usr/lib/gcc/x86_64-linux-gnu/4.7/lto-wrapper
Target: x86_64-linux-gnu
Configured with: ../src/configure -v --with-pkgversion='Debian 4.7.2-4' --with-bugurl=file:///usr/share/doc/gcc-4.7/README.Bugs --enable-languages=c,c++,go,fortran,objc,obj-c++ --prefix=/usr --program-suffix=-4.7 --enable-shared --enable-linker-build-id --with-system-zlib --libexecdir=/usr/lib --without-included-gettext --enable-threads=posix --with-gxx-include-dir=/usr/include/c++/4.7 --libdir=/usr/lib --enable-nls --with-sysroot=/ --enable-clocale=gnu --enable-libstdcxx-debug --enable-libstdcxx-time=yes --enable-gnu-unique-object --enable-plugin --enable-objc-gc --with-arch-32=i586 --with-tune=generic --enable-checking=release --build=x86_64-linux-gnu --host=x86_64-linux-gnu --target=x86_64-linux-gnu
Thread model: posix
gcc version 4.7.2 (Debian 4.7.2-4) 
configure:7486: $? = 0
configure:7475: g++ -V >&5
g++: error: unrecognized command line option '-V'
g++: fatal error: no input files
compilation terminated.
configure:7486: $? = 4
configure:7475: g++ -qversion >&5
g++: error: unrecognized command line option '-qversion'
g++: fatal error: no input files
compilation terminated.
configure:7486: $? = 4
configure:7490: checking whether we are using the GNU C++ compiler
configure:7518: result: yes
configure:7527: checking whether g++ accepts -g
configure:7588: result: yes
configure:7613: checking dependency style of g++
configure:7723: result: gcc3
configure:7746: checking how to run the C++ preprocessor
configure:7773: g++ -E  conftest.cpp
configure:7773: $? = 0
configure:7787: g++ -E  conftest.cpp
conftest.cpp:22:28: fatal error: ac_nonexistent.h: No such file or directory
compilation terminated.
configure:7787: $? = 1
configure: failed program was:
| /* confdefs.h */
| #define PACKAGE_NAME ""
| #define PACKAGE_TARNAME ""
| #define PACKAGE_VERSION ""
| #define PACKAGE_STRING ""
| #define PACKAGE_BUGREPORT ""
| #define PACKAGE_URL ""
| #define PACKAGE "filib"
| #define VERSION "3.0.2"
| #define STDC_HEADERS 1
| #define HAVE_SYS_TYPES_H 1
| #define HAVE_SYS_STAT_H 1
| #define HAVE_STDLIB_H 1
| #define HAVE_STRING_H 1
| #define HAVE_MEMORY_H 1
| #define HAVE_STRINGS_H 1
| #define HAVE_INTTYPES_H 1
| #define HAVE_STDINT_H 1
| #define HAVE_UNISTD_H 1
| #define HAVE_DLFCN_H 1
| /* end confdefs.h.  */
| #include <ac_nonexistent.h>
configure:7812: result: g++ -E
configure:7832: g++ -E  conftest.cpp
configure:7832: $? = 0
configure:7846: g++ -E  conftest.cpp
conftest.cpp:22:28: fatal error: ac_nonexistent.h: No such file or directory
compilation terminated.
configure:7846: $? = 1
configure: failed program was:
| /* confdefs.h */
| #define PACKAGE_NAME ""
| #define PACKAGE_TARNAME ""
| #define PACKAGE_VERSION ""
| #define PACKAGE_STRING ""
| #define PACKAGE_BUGREPORT ""
| #define PACKAGE_URL ""
| #define PACKAGE "filib"
| #define VERSION "3.0.2"
| #define STDC_HEADERS 1
| #define HAVE_SYS_TYPES_H 1
| #define HAVE_SYS_STAT_H 1
| #define HAVE_STDLIB_H 1
| #define HAVE_STRING_H 1
| #define HAVE_MEMORY_H 1
| #define HAVE_STRINGS_H 1
| #define HAVE_INTTYPES_H 1
| #define HAVE_STDINT_H 1
| #define HAVE_UNISTD_H 1
| #define HAVE_DLFCN_H 1
| /* end confdefs.h.  */
| #include <ac_nonexistent.h>
configure:8022: checking for objdir
configure:8037: result: .libs
configure:8329: checking if gcc supports -fno-rtti -fno-exceptions
configure:8347: gcc -c -g -O2  -fno-rtti -fno-exceptions conftest.c >&5
cc1: warning: command line option '-fno-rtti' is valid for C++/ObjC++ but not for C [enabled by default]
configure:8351: $? = 0
configure:8364: result: no
configure:8384: checking for gcc option to produce PIC
configure:8656: result: -fPIC -DPIC
configure:8668: checking if gcc PIC flag -fPIC -DPIC works
configure:8686: gcc -c -g -O2  -fPIC -DPIC -DPIC conftest.c >&5
configure:8690: $? = 0
configure:8703: result: yes
configure:8727: checking if gcc static flag -static works
configure:8755: result: yes
configure:8770: checking if gcc supports -c -o file.o
configure:8791: gcc -c -g -O2  -o out/conftest2.o conftest.c >&5
configure:8795: $? = 0
configure:8817: result: yes
configure:8825: checking if gcc supports -c -o file.o
configure:8872: result: yes
configure:8905: checking whether the gcc linker (/usr/bin/ld -m elf_x86_64) supports shared libraries
configure:9896: result: yes
configure:9933: checking whether -lc should be explicitly linked in
configure:9938: gcc -c -g -O2  conftest.c >&5
configure:9941: $? = 0
configure:9956: gcc -shared conftest.o  -v -Wl,-soname -Wl,conftest -o conftest 2\>\&1 \| /bin/grep  -lc  \>/dev/null 2\>\&1
configure:9959: $? = 0
configure:9971: result: no
configure:10135: checking dynamic linker characteristics
configure:10568: gcc -o conftest -g -O2   -Wl,-rpath -Wl,/foo conftest.c  >&5
configure:10568: $? = 0
configure:10798: result: GNU/Linux ld.so
configure:10900: checking how to hardcode library paths into programs
configure:10925: result: immediate
configure:11445: checking whether stripping libraries is possible
configure:11450: result: yes
configure:11485: checking if libtool supports shared libraries
configure:11487: result: yes
configure:11490: checking whether to build shared libraries
configure:11511: result: yes
configure:11514: checking whether to build static libraries
configure:11518: result: yes
configure:11668: checking for ld used by g++
configure:11735: result: /usr/bin/ld -m elf_x86_64
configure:11742: checking if the linker (/usr/bin/ld -m elf_x86_64) is GNU ld
configure:11757: result: yes
configure:11812: checking whether the g++ linker (/usr/bin/ld -m elf_x86_64) supports shared libraries
configure:12725: result: yes
configure:12753: g++ -c   conftest.cpp >&5
configure:12756: $? = 0
configure:12938: checking for g++ option to produce PIC
configure:13255: result: -fPIC -DPIC
configure:13264: checking if g++ PIC flag -fPIC -DPIC works
configure:13282: g++ -c   -fPIC -DPIC -DPIC conftest.cpp >&5
configure:13286: $? = 0
configure:13299: result: yes
configure:13320: checking if g++ static flag -static works
configure:13348: result: yes
configure:13360: checking if g++ supports -c -o file.o
configure:13381: g++ -c   -o out/conftest2.o conftest.cpp >&5
configure:13385: $? = 0
configure:13407: result: yes
configure:13412: checking if g++ supports -c -o file.o
configure:13459: result: yes
configure:13489: checking whether the g++ linker (/usr/bin/ld -m elf_x86_64) supports shared libraries
configure:13518: result: yes
configure:13655: checking dynamic linker characteristics
configure:14036: g++ -o conftest    -Wl,-rpath -Wl,/foo conftest.cpp  >&5
configure:14036: $? = 0
configure:14266: result: GNU/Linux ld.so
configure:14317: checking how to hardcode library paths into programs
configure:14342: result: immediate
configure:14400: checking for ANSI C header files
configure:14504: result: yes
configure:14514: checking for sys/types.h
configure:14514: result: yes
configure:14541: checking for floating point architecture
configure:14554: result: SSE
configure:14612: checking whether gcc accepts -frounding-math
configure:14618: g++ -o conftest  -frounding-math   conftest.cpp  >&5
configure:14618: $? = 0
configure:14626: result: yes
configure:14632: checking whether gcc accepts -ffloat-store
configure:14638: g++ -o conftest  -frounding-math -ffloat-store   conftest.cpp  >&5
configure:14638: $? = 0
configure:14646: result: yes
configure:14667: checking whether the boost random library is installed
configure:14676: g++ -o conftest  -frounding-math   conftest.cpp  >&5
configure:14676: $? = 0
configure:14684: result: yes
configure:14831: creating ./config.status

## ---------------------- ##
## Running config.status. ##
## ---------------------- ##

This file was extended by config.status, which was
generated by GNU Autoconf 2.67.  Invocation command line was

  CONFIG_FILES    = 
  CONFIG_HEADERS  = 
  CONFIG_LINKS    = 
  CONFIG_COMMANDS = 
  $ ./config.status 

on jem

config.status:1143: creating Makefile
config.status:1143: creating libprim/Makefile
config.status:1143: creating examples/Makefile
config.status:1143: creating test/Makefile
config.status:1143: creating benchmark/Makefile
config.status:1143: creating rounding_control/rounding_control_config.hpp
config.status:1143: creating config.h
config.status:1323: config.h is unchanged
config.status:1371: executing depfiles commands
config.status:1371: executing libtool commands

## ---------------- ##
## Cache variables. ##
## ---------------- ##

ac_cv_build=x86_64-unknown-linux-gnu
ac_cv_c_compiler_gnu=yes
ac_cv_cxx_compiler_gnu=yes
ac_cv_env_CCC_set=
ac_cv_env_CCC_value=
ac_cv_env_CC_set=
ac_cv_env_CC_value=
ac_cv_env_CFLAGS_set=
ac_cv_env_CFLAGS_value=
ac_cv_env_CPPFLAGS_set=
ac_cv_env_CPPFLAGS_value=
ac_cv_env_CPP_set=
ac_cv_env_CPP_value=
ac_cv_env_CXXCPP_set=
ac_cv_env_CXXCPP_value=
ac_cv_env_CXXFLAGS_set=
ac_cv_env_CXXFLAGS_value=
ac_cv_env_CXX_set=
ac_cv_env_CXX_value=
ac_cv_env_LDFLAGS_set=
ac_cv_env_LDFLAGS_value=
ac_cv_env_LIBS_set=
ac_cv_env_LIBS_value=
ac_cv_env_build_alias_set=
ac_cv_env_build_alias_value=
ac_cv_env_host_alias_set=
ac_cv_env_host_alias_value=
ac_cv_env_target_alias_set=
ac_cv_env_target_alias_value=
ac_cv_header_dlfcn_h=yes
ac_cv_header_inttypes_h=yes
ac_cv_header_memory_h=yes
ac_cv_header_stdc=yes
ac_cv_header_stdint_h=yes
ac_cv_header_stdlib_h=yes
ac_cv_header_string_h=yes
ac_cv_header_strings_h=yes
ac_cv_header_sys_stat_h=yes
ac_cv_header_sys_types_h=yes
ac_cv_header_unistd_h=yes
ac_cv_host=x86_64-unknown-linux-gnu
ac_cv_objext=o
ac_cv_path_EGREP='/bin/grep -E'
ac_cv_path_FGREP='/bin/grep -F'
ac_cv_path_GREP=/bin/grep
ac_cv_path_SED=/bin/sed
ac_cv_path_install='/usr/bin/install -c'
ac_cv_path_mkdir=/bin/mkdir
ac_cv_prog_AWK=gawk
ac_cv_prog_CPP='gcc -E'
ac_cv_prog_CXXCPP='g++ -E'
ac_cv_prog_ac_ct_AR=ar
ac_cv_prog_ac_ct_CC=gcc
ac_cv_prog_ac_ct_CXX=g++
ac_cv_prog_ac_ct_OBJDUMP=objdump
ac_cv_prog_ac_ct_RANLIB=ranlib
ac_cv_prog_ac_ct_STRIP=strip
ac_cv_prog_cc_c89=
ac_cv_prog_cc_g=yes
ac_cv_prog_cxx_g=yes
ac_cv_prog_make_make_set=yes
am_cv_CC_dependencies_compiler_type=gcc3
am_cv_CXX_dependencies_compiler_type=gcc3
lt_cv_deplibs_check_method=pass_all
lt_cv_file_magic_cmd='$MAGIC_CMD'
lt_cv_file_magic_test_file=
lt_cv_ld_reload_flag=-r
lt_cv_nm_interface='BSD nm'
lt_cv_objdir=.libs
lt_cv_path_LD=/usr/bin/ld
lt_cv_path_LDCXX='/usr/bin/ld -m elf_x86_64'
lt_cv_path_NM='/usr/bin/nm -B'
lt_cv_prog_compiler_c_o=yes
lt_cv_prog_compiler_c_o_CXX=yes
lt_cv_prog_compiler_pic_works=yes
lt_cv_prog_compiler_pic_works_CXX=yes
lt_cv_prog_compiler_rtti_exceptions=no
lt_cv_prog_compiler_static_works=yes
lt_cv_prog_compiler_static_works_CXX=yes
lt_cv_prog_gnu_ld=yes
lt_cv_prog_gnu_ldcxx=yes
lt_cv_sys_global_symbol_pipe='sed -n -e '\''s/^.*[	 ]\([ABCDGIRSTW][ABCDGIRSTW]*\)[	 ][	 ]*\([_A-Za-z][_A-Za-z0-9]*\)$/\1 \2 \2/p'\'''
lt_cv_sys_global_symbol_to_c_name_address='sed -n -e '\''s/^: \([^ ]*\) $/  {\"\1\", (void *) 0},/p'\'' -e '\''s/^[ABCDGIRSTW]* \([^ ]*\) \([^ ]*\)$/  {"\2", (void *) \&\2},/p'\'''
lt_cv_sys_global_symbol_to_c_name_address_lib_prefix='sed -n -e '\''s/^: \([^ ]*\) $/  {\"\1\", (void *) 0},/p'\'' -e '\''s/^[ABCDGIRSTW]* \([^ ]*\) \(lib[^ ]*\)$/  {"\2", (void *) \&\2},/p'\'' -e '\''s/^[ABCDGIRSTW]* \([^ ]*\) \([^ ]*\)$/  {"lib\2", (void *) \&\2},/p'\'''
lt_cv_sys_global_symbol_to_cdecl='sed -n -e '\''s/^T .* \(.*\)$/extern int \1();/p'\'' -e '\''s/^[ABCDGIRSTW]* .* \(.*\)$/extern char \1;/p'\'''
lt_cv_sys_max_cmd_len=1572864

## ----------------- ##
## Output variables. ##
## ----------------- ##

ACLOCAL='${SHELL} /media/Documents/Etudes/ENSTA-Bretagne/Stages/ENSI3-UFRGS/reliable-slam/workspace/IBEX2.0/ibex-2.0.4/3rd/filibsrc/missing --run aclocal-1.11'
AMDEPBACKSLASH='\'
AMDEP_FALSE='#'
AMDEP_TRUE=''
AMTAR='${SHELL} /media/Documents/Etudes/ENSTA-Bretagne/Stages/ENSI3-UFRGS/reliable-slam/workspace/IBEX2.0/ibex-2.0.4/3rd/filibsrc/missing --run tar'
AR='ar'
AUTOCONF='${SHELL} /media/Documents/Etudes/ENSTA-Bretagne/Stages/ENSI3-UFRGS/reliable-slam/workspace/IBEX2.0/ibex-2.0.4/3rd/filibsrc/missing --run autoconf'
AUTOHEADER='${SHELL} /media/Documents/Etudes/ENSTA-Bretagne/Stages/ENSI3-UFRGS/reliable-slam/workspace/IBEX2.0/ibex-2.0.4/3rd/filibsrc/missing --run autoheader'
AUTOMAKE='${SHELL} /media/Documents/Etudes/ENSTA-Bretagne/Stages/ENSI3-UFRGS/reliable-slam/workspace/IBEX2.0/ibex-2.0.4/3rd/filibsrc/missing --run automake-1.11'
AWK='gawk'
CC='gcc'
CCDEPMODE='depmode=gcc3'
CFLAGS='-g -O2'
CPP='gcc -E'
CPPFLAGS=' -DHAVE_BOOST'
CXX='g++'
CXXCPP='g++ -E'
CXXDEPMODE='depmode=gcc3'
CXXFLAGS=' -frounding-math'
CYGPATH_W='echo'
DEFS='-DHAVE_CONFIG_H'
DEPDIR='.deps'
DSYMUTIL=''
DUMPBIN=''
ECHO_C=''
ECHO_N='-n'
ECHO_T=''
EGREP='/bin/grep -E'
EXEEXT=''
FGREP='/bin/grep -F'
GREP='/bin/grep'
INSTALL_DATA='${INSTALL} -m 644'
INSTALL_PROGRAM='${INSTALL}'
INSTALL_SCRIPT='${INSTALL}'
INSTALL_STRIP_PROGRAM='$(install_sh) -c -s'
LD='/usr/bin/ld -m elf_x86_64'
LDFLAGS=''
LIBOBJS=''
LIBS=''
LIBTOOL='$(SHELL) $(top_builddir)/libtool'
LIPO=''
LN_S='ln -s'
LTLIBOBJS=''
MAKEINFO='${SHELL} /media/Documents/Etudes/ENSTA-Bretagne/Stages/ENSI3-UFRGS/reliable-slam/workspace/IBEX2.0/ibex-2.0.4/3rd/filibsrc/missing --run makeinfo'
MKDIR_P='/bin/mkdir -p'
NM='/usr/bin/nm -B'
NMEDIT=''
OBJDUMP='objdump'
OBJEXT='o'
OTOOL64=''
OTOOL=''
PACKAGE='filib'
PACKAGE_BUGREPORT=''
PACKAGE_NAME=''
PACKAGE_STRING=''
PACKAGE_TARNAME=''
PACKAGE_URL=''
PACKAGE_VERSION=''
PATH_SEPARATOR=':'
RANLIB='ranlib'
SED='/bin/sed'
SET_MAKE=''
SHELL='/bin/sh'
STRIP='strip'
VERSION='3.0.2'
ac_ct_CC='gcc'
ac_ct_CXX='g++'
ac_ct_DUMPBIN=''
am__EXEEXT_FALSE=''
am__EXEEXT_TRUE='#'
am__fastdepCC_FALSE='#'
am__fastdepCC_TRUE=''
am__fastdepCXX_FALSE='#'
am__fastdepCXX_TRUE=''
am__include='include'
am__isrc=''
am__leading_dot='.'
am__quote=''
am__tar='${AMTAR} chof - "$$tardir"'
am__untar='${AMTAR} xf -'
benchmark_subdir='benchmark'
bindir='${exec_prefix}/bin'
build='x86_64-unknown-linux-gnu'
build_alias=''
build_cpu='x86_64'
build_os='linux-gnu'
build_vendor='unknown'
datadir='${datarootdir}'
datarootdir='${prefix}/share'
define_have_sse='#define HAVE_SSE'
define_have_x87='// #define HAVE_X87'
docdir='${datarootdir}/doc/${PACKAGE}'
dvidir='${docdir}'
exec_prefix='${prefix}'
host='x86_64-unknown-linux-gnu'
host_alias=''
host_cpu='x86_64'
host_os='linux-gnu'
host_vendor='unknown'
htmldir='${docdir}'
includedir='${prefix}/include'
infodir='${datarootdir}/info'
install_sh='${SHELL} /media/Documents/Etudes/ENSTA-Bretagne/Stages/ENSI3-UFRGS/reliable-slam/workspace/IBEX2.0/ibex-2.0.4/3rd/filibsrc/install-sh'
libdir='${exec_prefix}/lib'
libexecdir='${exec_prefix}/libexec'
localedir='${datarootdir}/locale'
localstatedir='${prefix}/var'
lt_ECHO='echo'
mandir='${datarootdir}/man'
mkdir_p='/bin/mkdir -p'
oldincludedir='/usr/include'
pdfdir='${docdir}'
prefix='/usr/local'
program_transform_name='s,x,x,'
psdir='${docdir}'
sbindir='${exec_prefix}/sbin'
sharedstatedir='${prefix}/com'
sysconfdir='${prefix}/etc'
target_alias=''

## ----------- ##
## confdefs.h. ##
## ----------- ##

/* confdefs.h */
#define PACKAGE_NAME ""
#define PACKAGE_TARNAME ""
#define PACKAGE_VERSION ""
#define PACKAGE_STRING ""
#define PACKAGE_BUGREPORT ""
#define PACKAGE_URL ""
#define PACKAGE "filib"
#define VERSION "3.0.2"
#define STDC_HEADERS 1
#define HAVE_SYS_TYPES_H 1
#define HAVE_SYS_STAT_H 1
#define HAVE_STDLIB_H 1
#define HAVE_STRING_H 1
#define HAVE_MEMORY_H 1
#define HAVE_STRINGS_H 1
#define HAVE_INTTYPES_H 1
#define HAVE_STDINT_H 1
#define HAVE_UNISTD_H 1
#define HAVE_DLFCN_H 1
#define LT_OBJDIR ".libs/"
#define STDC_HEADERS 1
#define HAVE_SYS_TYPES_H 1
#define FILIB_EXTENDED /**/

configure: exit 0
